#
# A fatal error has been detected by the Java Runtime Environment:
#
#  EXCEPTION_ACCESS_VIOLATION (0xc0000005) at pc=0x000000005c00af98, pid=7032, tid=0x00000000000028f8
#
# JRE version: Java(TM) SE Runtime Environment (8.0_131-b11) (build 1.8.0_131-b11)
# Java VM: Java HotSpot(TM) 64-Bit Server VM (25.131-b11 mixed mode windows-amd64 compressed oops)
# Problematic frame:
# V  [jvm.dll+0x13af98]
#
# Failed to write core dump. Minidumps are not enabled by default on client versions of Windows
#
# If you would like to submit a bug report, please visit:
#   http://bugreport.java.com/bugreport/crash.jsp
#

---------------  T H R E A D  ---------------

Current thread (0x000000000556f000):  GCTaskThread [stack: 0x00000000151b0000,0x00000000152b0000] [id=10488]

siginfo: ExceptionCode=0xc0000005, reading address 0xffffffffffffffff

Registers:
RAX=0x00000000154b0000, RBX=0x0000000000000020, RCX=0x0000000000000000, RDX=0x0000000000000000
RSP=0x00000000152af4a0, RBP=0x00000000056420f0, RSI=0x0000000085fa7d3c, RDI=0x0000000000400000
R8 =0x007fffffffbf2000, R9 =0x00000000056420f0, R10=0x0000000000000182, R11=0x00000000852f4920
R12=0x0000000085fa7e88, R13=0x0000000000002e00, R14=0x0000000085f9c678, R15=0x0000000000008000
RIP=0x000000005c00af98, EFLAGS=0x0000000000010246

Top of Stack: (sp=0x00000000152af4a0)
0x00000000152af4a0:   000000001a81ec50 000000005bfe504a
0x00000000152af4b0:   0000000100008b68 0000000085ed2144
0x00000000152af4c0:   00000000056420f0 000000005c0eda92
0x00000000152af4d0:   0000000000000000 000000000556f6b0
0x00000000152af4e0:   0000000005566040 0000000000002c00
0x00000000152af4f0:   0000000000000020 000000005c2c836a
0x00000000152af500:   00000000056420f0 0000000085f9c678
0x00000000152af510:   000000005c5246b8 000000005c5246b8
0x00000000152af520:   0000103e000000e8 0000103f000000e8
0x00000000152af530:   000000001d581320 0000000085f9c678
0x00000000152af540:   0000000000002c00 000000005bfe37f2
0x00000000152af550:   00000000ff233148 0000000000000000
0x00000000152af560:   0000000000000000 0000000005566040
0x00000000152af570:   000000000556f6c0 000000000556f6b0
0x00000000152af580:   000000005c5246b8 00000000056420f0
0x00000000152af590:   0000000000000000 00000000152af619 

Instructions: (pc=0x000000005c00af98)
0x000000005c00af78:   05 a3 17 6e 00 49 c1 e8 03 49 d3 e8 41 0f b6 c0
0x000000005c00af88:   49 c1 e8 06 24 3f 0f b6 d0 48 8b 05 b8 17 6e 00
0x000000005c00af98:   4a 8b 0c c0 48 0f a3 d1 72 3e 48 8b cf e8 d6 07
0x000000005c00afa8:   fd ff 84 c0 74 32 48 8b d7 48 8b cd e8 a7 d6 fc 


Register to memory mapping:

RAX=0x00000000154b0000 is an unknown value
RBX=0x0000000000000020 is an unknown value
RCX=0x0000000000000000 is an unknown value
RDX=0x0000000000000000 is an unknown value
RSP=0x00000000152af4a0 is an unknown value
RBP=0x00000000056420f0 is an unknown value
RSI=0x0000000085fa7d3c is pointing into object: 0x0000000085f9c678
[Ljava.util.concurrent.ConcurrentHashMap$Node; 
 - klass: 'java/util/concurrent/ConcurrentHashMap$Node'[]
 - length: 32768
RDI=0x0000000000400000 is an unknown value
R8 =0x007fffffffbf2000 is an unknown value
R9 =0x00000000056420f0 is an unknown value
R10=0x0000000000000182 is an unknown value
R11=0x00000000852f4920 is an oop
java.util.concurrent.ConcurrentHashMap$Node 
 - klass: 'java/util/concurrent/ConcurrentHashMap$Node'
R12=0x0000000085fa7e88 is pointing into object: 0x0000000085f9c678
[Ljava.util.concurrent.ConcurrentHashMap$Node; 
 - klass: 'java/util/concurrent/ConcurrentHashMap$Node'[]
 - length: 32768
R13=0x0000000000002e00 is an unknown value
R14=0x0000000085f9c678 is an oop
[Ljava.util.concurrent.ConcurrentHashMap$Node; 
 - klass: 'java/util/concurrent/ConcurrentHashMap$Node'[]
 - length: 32768
R15=0x0000000000008000 is an unknown value


Stack: [0x00000000151b0000,0x00000000152b0000],  sp=0x00000000152af4a0,  free space=1021k
Native frames: (J=compiled Java code, j=interpreted, Vv=VM code, C=native code)
V  [jvm.dll+0x13af98]
V  [jvm.dll+0x3f836a]
V  [jvm.dll+0x3f5410]
V  [jvm.dll+0x3f302e]
V  [jvm.dll+0x29cc1a]
C  [msvcr100.dll+0x21d9f]
C  [msvcr100.dll+0x21e3b]
C  [KERNEL32.DLL+0x11fe4]
C  [ntdll.dll+0x6ef91]


---------------  P R O C E S S  ---------------

Java Threads: ( => current thread )
  0x00000000224b2800 JavaThread "springCloudBus.anonymous.WktHzzuJT9mlon4vh88-1Q-6" [_thread_blocked, id=776, stack(0x000000002b7e0000,0x000000002b8e0000)]
  0x00000000224b2000 JavaThread "logback-23" daemon [_thread_blocked, id=10632, stack(0x000000002b3e0000,0x000000002b4e0000)]
  0x00000000224b0800 JavaThread "logback-22" daemon [_thread_blocked, id=8892, stack(0x000000002b2e0000,0x000000002b3e0000)]
  0x00000000224b3800 JavaThread "logback-21" daemon [_thread_blocked, id=11352, stack(0x000000002b0e0000,0x000000002b1e0000)]
  0x00000000224a8000 JavaThread "Druid-ConnectionPool-Destroy-1638368519" daemon [_thread_blocked, id=7568, stack(0x000000002ade0000,0x000000002aee0000)]
  0x00000000224ad800 JavaThread "Druid-ConnectionPool-Create-1638368519" daemon [_thread_blocked, id=6188, stack(0x000000002ace0000,0x000000002ade0000)]
  0x00000000224a7800 JavaThread "Abandoned connection cleanup thread" daemon [_thread_blocked, id=10512, stack(0x000000002abe0000,0x000000002ace0000)]
  0x00000000224af000 JavaThread "logback-20" daemon [_thread_blocked, id=10920, stack(0x000000002a8e0000,0x000000002a9e0000)]
  0x00000000224ac000 JavaThread "RMI TCP Connection(idle)" daemon [_thread_blocked, id=7840, stack(0x000000002a4e0000,0x000000002a5e0000)]
  0x00000000224ab000 JavaThread "RMI TCP Connection(idle)" daemon [_thread_blocked, id=11864, stack(0x000000002a3e0000,0x000000002a4e0000)]
  0x00000000224aa800 JavaThread "RMI TCP Connection(idle)" daemon [_thread_blocked, id=11856, stack(0x000000002a2e0000,0x000000002a3e0000)]
  0x00000000224a9000 JavaThread "RMI TCP Connection(idle)" daemon [_thread_blocked, id=1748, stack(0x000000002a1e0000,0x000000002a2e0000)]
  0x00000000224ae000 JavaThread "DestroyJavaVM" [_thread_blocked, id=2076, stack(0x0000000005450000,0x0000000005550000)]
  0x00000000224a9800 JavaThread "http-nio-8089-AsyncTimeout" daemon [_thread_blocked, id=5108, stack(0x0000000029de0000,0x0000000029ee0000)]
  0x000000001d6e8800 JavaThread "http-nio-8089-Acceptor-0" daemon [_thread_in_native, id=10588, stack(0x0000000029ce0000,0x0000000029de0000)]
  0x000000001d6e8000 JavaThread "http-nio-8089-ClientPoller-1" daemon [_thread_in_native, id=2052, stack(0x0000000029be0000,0x0000000029ce0000)]
  0x000000001d6e7000 JavaThread "http-nio-8089-ClientPoller-0" daemon [_thread_in_native, id=7520, stack(0x0000000029ae0000,0x0000000029be0000)]
  0x000000001d6e5800 JavaThread "http-nio-8089-exec-10" daemon [_thread_blocked, id=5056, stack(0x00000000299e0000,0x0000000029ae0000)]
  0x000000001d6e4000 JavaThread "http-nio-8089-exec-9" daemon [_thread_blocked, id=10972, stack(0x00000000298e0000,0x00000000299e0000)]
  0x000000001d6e9800 JavaThread "http-nio-8089-exec-8" daemon [_thread_blocked, id=7968, stack(0x00000000297e0000,0x00000000298e0000)]
  0x000000001d6e6800 JavaThread "http-nio-8089-exec-7" daemon [_thread_blocked, id=10060, stack(0x00000000296e0000,0x00000000297e0000)]
  0x000000001d6e3800 JavaThread "http-nio-8089-exec-6" daemon [_thread_blocked, id=10192, stack(0x00000000295e0000,0x00000000296e0000)]
  0x000000001e4c1800 JavaThread "http-nio-8089-exec-5" daemon [_thread_blocked, id=6952, stack(0x00000000294e0000,0x00000000295e0000)]
  0x000000001e4c0800 JavaThread "http-nio-8089-exec-4" daemon [_thread_blocked, id=9328, stack(0x00000000293e0000,0x00000000294e0000)]
  0x000000001e4bd800 JavaThread "http-nio-8089-exec-3" daemon [_thread_blocked, id=3532, stack(0x00000000292e0000,0x00000000293e0000)]
  0x000000001e4bf000 JavaThread "http-nio-8089-exec-2" daemon [_thread_blocked, id=4104, stack(0x00000000291e0000,0x00000000292e0000)]
  0x000000001e4c0000 JavaThread "http-nio-8089-exec-1" daemon [_thread_blocked, id=5280, stack(0x00000000290e0000,0x00000000291e0000)]
  0x000000001e4be800 JavaThread "NioBlockingSelector.BlockPoller-1" daemon [_thread_in_native, id=6580, stack(0x0000000028fe0000,0x00000000290e0000)]
  0x000000001e4bd000 JavaThread "logback-19" daemon [_thread_blocked, id=8040, stack(0x00000000288e0000,0x00000000289e0000)]
  0x000000001e4b4800 JavaThread "logback-18" daemon [_thread_blocked, id=9836, stack(0x00000000281e0000,0x00000000282e0000)]
  0x000000001e4bb800 JavaThread "logback-17" daemon [_thread_blocked, id=2480, stack(0x0000000027ae0000,0x0000000027be0000)]
  0x000000001e4b2800 JavaThread "logback-16" daemon [_thread_blocked, id=9448, stack(0x00000000272e0000,0x00000000273e0000)]
  0x000000001e4ba800 JavaThread "spring.cloud.inetutils" daemon [_thread_blocked, id=5960, stack(0x00000000269e0000,0x0000000026ae0000)]
  0x000000001e4b5800 JavaThread "active%0053essions%0043ache.data" [_thread_blocked, id=8984, stack(0x00000000257e0000,0x00000000258e0000)]
  0x000000001e4b9000 JavaThread "Statistics Thread-__DEFAULT__-1" daemon [_thread_blocked, id=4016, stack(0x00000000256e0000,0x00000000257e0000)]
  0x000000001e4b3000 JavaThread "__DEFAULT__" daemon [_thread_blocked, id=5172, stack(0x00000000255e0000,0x00000000256e0000)]
  0x000000001e4ba000 JavaThread "container-0" [_thread_blocked, id=4380, stack(0x00000000236e0000,0x00000000237e0000)]
  0x000000001e4b8800 JavaThread "ContainerBackgroundProcessor[StandardEngine[Tomcat]]" daemon [_thread_blocked, id=4132, stack(0x00000000235e0000,0x00000000236e0000)]
  0x000000001e4b7000 JavaThread "commons-pool-evictor-thread" daemon [_thread_blocked, id=8120, stack(0x0000000021d10000,0x0000000021e10000)]
  0x000000001d6e5000 JavaThread "RMI TCP Connection(idle)" daemon [_thread_blocked, id=12148, stack(0x0000000020010000,0x0000000020110000)]
  0x000000001c9ba000 JavaThread "RMI TCP Connection(idle)" daemon [_thread_blocked, id=3828, stack(0x000000001d340000,0x000000001d440000)]
  0x000000001c997800 JavaThread "RMI Scheduler(0)" daemon [_thread_blocked, id=5288, stack(0x000000001d240000,0x000000001d340000)]
  0x000000001c98d800 JavaThread "RMI TCP Connection(idle)" daemon [_thread_blocked, id=7016, stack(0x000000001d140000,0x000000001d240000)]
  0x000000001c83c800 JavaThread "RMI TCP Accept-0" daemon [_thread_in_native, id=6420, stack(0x000000001cca0000,0x000000001cda0000)]
  0x000000001c820800 JavaThread "RMI TCP Accept-52073" daemon [_thread_in_native, id=4456, stack(0x000000001cba0000,0x000000001cca0000)]
  0x000000001c817800 JavaThread "RMI TCP Accept-0" daemon [_thread_in_native, id=6968, stack(0x000000001caa0000,0x000000001cba0000)]
  0x000000001a198800 JavaThread "Service Thread" daemon [_thread_blocked, id=4952, stack(0x000000001c1a0000,0x000000001c2a0000)]
  0x000000001a19e000 JavaThread "C1 CompilerThread2" daemon [_thread_blocked, id=7368, stack(0x000000001c0a0000,0x000000001c1a0000)]
  0x000000001a194800 JavaThread "C2 CompilerThread1" daemon [_thread_blocked, id=8584, stack(0x000000001bfa0000,0x000000001c0a0000)]
  0x000000001a18d800 JavaThread "C2 CompilerThread0" daemon [_thread_blocked, id=3564, stack(0x000000001bea0000,0x000000001bfa0000)]
  0x000000001a180800 JavaThread "JDWP Command Reader" daemon [_thread_in_native, id=6388, stack(0x000000001bda0000,0x000000001bea0000)]
  0x000000001a17d000 JavaThread "JDWP Event Helper Thread" daemon [_thread_blocked, id=4564, stack(0x000000001bca0000,0x000000001bda0000)]
  0x000000001a172000 JavaThread "JDWP Transport Listener: dt_socket" daemon [_thread_blocked, id=2516, stack(0x000000001bba0000,0x000000001bca0000)]
  0x000000001a157000 JavaThread "Attach Listener" daemon [_thread_blocked, id=3020, stack(0x000000001baa0000,0x000000001bba0000)]
  0x000000001a156000 JavaThread "Signal Dispatcher" daemon [_thread_blocked, id=10716, stack(0x000000001b9a0000,0x000000001baa0000)]
  0x000000001a12a800 JavaThread "Finalizer" daemon [_thread_blocked, id=12236, stack(0x000000001b3a0000,0x000000001b4a0000)]
  0x0000000005646000 JavaThread "Reference Handler" daemon [_thread_blocked, id=8180, stack(0x000000001b2a0000,0x000000001b3a0000)]

Other Threads:
  0x000000001a107000 VMThread [stack: 0x000000001b1a0000,0x000000001b2a0000] [id=5604]
  0x000000001c847000 WatcherThread [stack: 0x000000001cda0000,0x000000001cea0000] [id=10128]

=>0x000000000556f000 (exited) GCTaskThread [stack: 0x00000000151b0000,0x00000000152b0000] [id=10488]

VM state:at safepoint (normal execution)

VM Mutex/Monitor currently owned by a thread:  ([mutex/lock_event])
[0x00000000055556d0] Threads_lock - owner thread: 0x000000001a107000
[0x0000000005556ae0] Heap_lock - owner thread: 0x000000001e4bd800

Heap:
 PSYoungGen      total 655360K, used 14316K [0x00000000d6000000, 0x0000000100000000, 0x0000000100000000)
  eden space 641024K, 0% used [0x00000000d6000000,0x00000000d6000000,0x00000000fd200000)
  from space 14336K, 99% used [0x00000000ff200000,0x00000000ffffb2a0,0x0000000100000000)
  to   space 23552K, 0% used [0x00000000fd200000,0x00000000fd200000,0x00000000fe900000)
 ParOldGen       total 95232K, used 71838K [0x0000000082000000, 0x0000000087d00000, 0x00000000d6000000)
  object space 95232K, 75% used [0x0000000082000000,0x0000000086627840,0x0000000087d00000)
 Metaspace       used 58783K, capacity 59956K, committed 60080K, reserved 1101824K
  class space    used 7583K, capacity 7809K, committed 7856K, reserved 1048576K

Card table byte_map: [0x0000000014a10000,0x0000000014e10000] byte_map_base: 0x0000000014600000

Marking Bits: (ParMarkBitMap*) 0x000000005c6ec720
 Begin Bits: [0x00000000154b0000, 0x0000000017430000)
 End Bits:   [0x0000000017430000, 0x00000000193b0000)

Polling page: 0x0000000000fe0000

CodeCache: size=245760Kb used=16944Kb max_used=16956Kb free=228815Kb
 bounds [0x0000000005650000, 0x00000000066f0000, 0x0000000014650000]
 total_blobs=8455 nmethods=7865 adapters=509
 compilation: enabled

Compilation events (10 events):
Event: 101.157 Thread 0x000000001a19e000 8032       1       net.sf.jsqlparser.parser.CCJSqlParser::jj_scan_token (173 bytes)
Event: 101.157 Thread 0x000000001a19e000 nmethod 8032 0x000000000600ef90 code [0x000000000600f120, 0x000000000600f438]
Event: 101.158 Thread 0x000000001a19e000 8033       1       net.sf.jsqlparser.parser.SimpleCharStream::readChar (89 bytes)
Event: 101.159 Thread 0x000000001a19e000 nmethod 8033 0x00000000066e2690 code [0x00000000066e2800, 0x00000000066e2a18]
Event: 101.160 Thread 0x000000001a19e000 8035       1       net.sf.jsqlparser.parser.CCJSqlParser::jj_3R_84 (528 bytes)
Event: 101.161 Thread 0x000000001a19e000 nmethod 8035 0x000000000651e790 code [0x000000000651eaa0, 0x000000000651f868]
Event: 101.162 Thread 0x000000001a19e000 8034       1       net.sf.jsqlparser.parser.SimpleCharStream::UpdateLineColumn (195 bytes)
Event: 101.162 Thread 0x000000001a19e000 nmethod 8034 0x00000000065206d0 code [0x0000000006520820, 0x0000000006520a50]
Event: 101.167 Thread 0x000000001a19e000 8036       1       net.sf.jsqlparser.parser.CCJSqlParser::jj_save (78 bytes)
Event: 101.167 Thread 0x000000001a19e000 nmethod 8036 0x0000000006520190 code [0x0000000006520300, 0x0000000006520510]

GC Heap History (10 events):
Event: 30.169 GC heap after
Heap after GC invocations=16 (full 2):
 PSYoungGen      total 587264K, used 7085K [0x00000000d6000000, 0x00000000fca80000, 0x0000000100000000)
  eden space 573440K, 0% used [0x00000000d6000000,0x00000000d6000000,0x00000000f9000000)
  from space 13824K, 51% used [0x00000000f9d00000,0x00000000fa3eb470,0x00000000faa80000)
  to   space 13312K, 0% used [0x00000000f9000000,0x00000000f9000000,0x00000000f9d00000)
 ParOldGen       total 95232K, used 35704K [0x0000000082000000, 0x0000000087d00000, 0x00000000d6000000)
  object space 95232K, 37% used [0x0000000082000000,0x00000000842de138,0x0000000087d00000)
 Metaspace       used 41307K, capacity 42058K, committed 42368K, reserved 1085440K
  class space    used 5502K, capacity 5654K, committed 5760K, reserved 1048576K
}
Event: 34.118 GC heap before
{Heap before GC invocations=17 (full 2):
 PSYoungGen      total 587264K, used 580525K [0x00000000d6000000, 0x00000000fca80000, 0x0000000100000000)
  eden space 573440K, 100% used [0x00000000d6000000,0x00000000f9000000,0x00000000f9000000)
  from space 13824K, 51% used [0x00000000f9d00000,0x00000000fa3eb470,0x00000000faa80000)
  to   space 13312K, 0% used [0x00000000f9000000,0x00000000f9000000,0x00000000f9d00000)
 ParOldGen       total 95232K, used 35704K [0x0000000082000000, 0x0000000087d00000, 0x00000000d6000000)
  object space 95232K, 37% used [0x0000000082000000,0x00000000842de138,0x0000000087d00000)
 Metaspace       used 42364K, capacity 43140K, committed 43264K, reserved 1087488K
  class space    used 5590K, capacity 5765K, committed 5888K, reserved 1048576K
Event: 34.142 GC heap after
Heap after GC invocations=17 (full 2):
 PSYoungGen      total 586752K, used 7762K [0x00000000d6000000, 0x00000000ffe80000, 0x0000000100000000)
  eden space 573440K, 0% used [0x00000000d6000000,0x00000000d6000000,0x00000000f9000000)
  from space 13312K, 58% used [0x00000000f9000000,0x00000000f9794be0,0x00000000f9d00000)
  to   space 12800K, 0% used [0x00000000ff200000,0x00000000ff200000,0x00000000ffe80000)
 ParOldGen       total 95232K, used 42076K [0x0000000082000000, 0x0000000087d00000, 0x00000000d6000000)
  object space 95232K, 44% used [0x0000000082000000,0x0000000084917198,0x0000000087d00000)
 Metaspace       used 42364K, capacity 43140K, committed 43264K, reserved 1087488K
  class space    used 5590K, capacity 5765K, committed 5888K, reserved 1048576K
}
Event: 37.141 GC heap before
{Heap before GC invocations=18 (full 2):
 PSYoungGen      total 586752K, used 581202K [0x00000000d6000000, 0x00000000ffe80000, 0x0000000100000000)
  eden space 573440K, 100% used [0x00000000d6000000,0x00000000f9000000,0x00000000f9000000)
  from space 13312K, 58% used [0x00000000f9000000,0x00000000f9794be0,0x00000000f9d00000)
  to   space 12800K, 0% used [0x00000000ff200000,0x00000000ff200000,0x00000000ffe80000)
 ParOldGen       total 95232K, used 42076K [0x0000000082000000, 0x0000000087d00000, 0x00000000d6000000)
  object space 95232K, 44% used [0x0000000082000000,0x0000000084917198,0x0000000087d00000)
 Metaspace       used 42891K, capacity 43620K, committed 43776K, reserved 1087488K
  class space    used 5641K, capacity 5797K, committed 5888K, reserved 1048576K
Event: 37.171 GC heap after
Heap after GC invocations=18 (full 2):
 PSYoungGen      total 673792K, used 6672K [0x00000000d6000000, 0x00000000fff80000, 0x0000000100000000)
  eden space 660992K, 0% used [0x00000000d6000000,0x00000000d6000000,0x00000000fe580000)
  from space 12800K, 52% used [0x00000000ff200000,0x00000000ff884010,0x00000000ffe80000)
  to   space 12800K, 0% used [0x00000000fe580000,0x00000000fe580000,0x00000000ff200000)
 ParOldGen       total 95232K, used 49592K [0x0000000082000000, 0x0000000087d00000, 0x00000000d6000000)
  object space 95232K, 52% used [0x0000000082000000,0x000000008506e278,0x0000000087d00000)
 Metaspace       used 42891K, capacity 43620K, committed 43776K, reserved 1087488K
  class space    used 5641K, capacity 5797K, committed 5888K, reserved 1048576K
}
Event: 46.053 GC heap before
{Heap before GC invocations=19 (full 2):
 PSYoungGen      total 673792K, used 667664K [0x00000000d6000000, 0x00000000fff80000, 0x0000000100000000)
  eden space 660992K, 100% used [0x00000000d6000000,0x00000000fe580000,0x00000000fe580000)
  from space 12800K, 52% used [0x00000000ff200000,0x00000000ff884010,0x00000000ffe80000)
  to   space 12800K, 0% used [0x00000000fe580000,0x00000000fe580000,0x00000000ff200000)
 ParOldGen       total 95232K, used 49592K [0x0000000082000000, 0x0000000087d00000, 0x00000000d6000000)
  object space 95232K, 52% used [0x0000000082000000,0x000000008506e278,0x0000000087d00000)
 Metaspace       used 48045K, capacity 48912K, committed 49152K, reserved 1091584K
  class space    used 6369K, capacity 6541K, committed 6656K, reserved 1048576K
Event: 46.101 GC heap after
Heap after GC invocations=19 (full 2):
 PSYoungGen      total 673792K, used 12768K [0x00000000d6000000, 0x0000000100000000, 0x0000000100000000)
  eden space 660992K, 0% used [0x00000000d6000000,0x00000000d6000000,0x00000000fe580000)
  from space 12800K, 99% used [0x00000000fe580000,0x00000000ff1f8020,0x00000000ff200000)
  to   space 14336K, 0% used [0x00000000ff200000,0x00000000ff200000,0x0000000100000000)
 ParOldGen       total 95232K, used 59790K [0x0000000082000000, 0x0000000087d00000, 0x00000000d6000000)
  object space 95232K, 62% used [0x0000000082000000,0x0000000085a63a48,0x0000000087d00000)
 Metaspace       used 48045K, capacity 48912K, committed 49152K, reserved 1091584K
  class space    used 6369K, capacity 6541K, committed 6656K, reserved 1048576K
}
Event: 101.192 GC heap before
{Heap before GC invocations=20 (full 2):
 PSYoungGen      total 673792K, used 636322K [0x00000000d6000000, 0x0000000100000000, 0x0000000100000000)
  eden space 660992K, 94% used [0x00000000d6000000,0x00000000fc0f09f0,0x00000000fe580000)
  from space 12800K, 99% used [0x00000000fe580000,0x00000000ff1f8020,0x00000000ff200000)
  to   space 14336K, 0% used [0x00000000ff200000,0x00000000ff200000,0x0000000100000000)
 ParOldGen       total 95232K, used 59790K [0x0000000082000000, 0x0000000087d00000, 0x00000000d6000000)
  object space 95232K, 62% used [0x0000000082000000,0x0000000085a63a48,0x0000000087d00000)
 Metaspace       used 58783K, capacity 59956K, committed 60080K, reserved 1101824K
  class space    used 7583K, capacity 7809K, committed 7856K, reserved 1048576K
Event: 101.225 GC heap after
Heap after GC invocations=20 (full 2):
 PSYoungGen      total 655360K, used 14316K [0x00000000d6000000, 0x0000000100000000, 0x0000000100000000)
  eden space 641024K, 0% used [0x00000000d6000000,0x00000000d6000000,0x00000000fd200000)
  from space 14336K, 99% used [0x00000000ff200000,0x00000000ffffb2a0,0x0000000100000000)
  to   space 23552K, 0% used [0x00000000fd200000,0x00000000fd200000,0x00000000fe900000)
 ParOldGen       total 95232K, used 71838K [0x0000000082000000, 0x0000000087d00000, 0x00000000d6000000)
  object space 95232K, 75% used [0x0000000082000000,0x0000000086627840,0x0000000087d00000)
 Metaspace       used 58783K, capacity 59956K, committed 60080K, reserved 1101824K
  class space    used 7583K, capacity 7809K, committed 7856K, reserved 1048576K
}
Event: 101.225 GC heap before
{Heap before GC invocations=21 (full 3):
 PSYoungGen      total 655360K, used 14316K [0x00000000d6000000, 0x0000000100000000, 0x0000000100000000)
  eden space 641024K, 0% used [0x00000000d6000000,0x00000000d6000000,0x00000000fd200000)
  from space 14336K, 99% used [0x00000000ff200000,0x00000000ffffb2a0,0x0000000100000000)
  to   space 23552K, 0% used [0x00000000fd200000,0x00000000fd200000,0x00000000fe900000)
 ParOldGen       total 95232K, used 71838K [0x0000000082000000, 0x0000000087d00000, 0x00000000d6000000)
  object space 95232K, 75% used [0x0000000082000000,0x0000000086627840,0x0000000087d00000)
 Metaspace       used 58783K, capacity 59956K, committed 60080K, reserved 1101824K
  class space    used 7583K, capacity 7809K, committed 7856K, reserved 1048576K

Deoptimization events (0 events):
No events

Internal exceptions (10 events):
Event: 100.934 Thread 0x000000001e4c0800 Exception <a 'java/lang/ClassNotFoundException': org/springframework/web/servlet/FlashMapManagerCustomizer> (0x00000000fb31fe68) thrown at [C:\re\workspace\8-2-build-windows-amd64-cygwin\jdk8u131\8869\hotspot\src\share\vm\classfile\systemDictionary.cpp, l
Event: 101.050 Thread 0x000000001e4bd800 Exception <a 'java/lang/ClassNotFoundException': java/lang/ObjectCustomizer> (0x00000000fb941b08) thrown at [C:\re\workspace\8-2-build-windows-amd64-cygwin\jdk8u131\8869\hotspot\src\share\vm\classfile\systemDictionary.cpp, line 210]
Event: 101.052 Thread 0x000000001e4bd800 Exception <a 'java/lang/ClassNotFoundException': com/yinhetianze/core/business/httprequest/BasicModelCustomizer> (0x00000000fb979558) thrown at [C:\re\workspace\8-2-build-windows-amd64-cygwin\jdk8u131\8869\hotspot\src\share\vm\classfile\systemDictionary.c
Event: 101.057 Thread 0x000000001e4bd800 Exception <a 'java/lang/ClassNotFoundException': com/yinhetianze/core/business/httprequest/PageModelCustomizer> (0x00000000fb9b3568) thrown at [C:\re\workspace\8-2-build-windows-amd64-cygwin\jdk8u131\8869\hotspot\src\share\vm\classfile\systemDictionary.cp
Event: 101.060 Thread 0x000000001e4bd800 Exception <a 'java/lang/ClassNotFoundException': com/yinhetianze/systemservice/system/model/SysMemberInfoModelCustomizer> (0x00000000fb9f9650) thrown at [C:\re\workspace\8-2-build-windows-amd64-cygwin\jdk8u131\8869\hotspot\src\share\vm\classfile\systemDic
Event: 101.062 Thread 0x000000001e4bd800 Exception <a 'java/lang/ClassNotFoundException': java/io/SerializableCustomizer> (0x00000000fba3ff30) thrown at [C:\re\workspace\8-2-build-windows-amd64-cygwin\jdk8u131\8869\hotspot\src\share\vm\classfile\systemDictionary.cpp, line 210]
Event: 101.074 Thread 0x000000001e4bd800 Exception <a 'java/lang/ArrayIndexOutOfBoundsException'> (0x00000000fbab5dc0) thrown at [C:\re\workspace\8-2-build-windows-amd64-cygwin\jdk8u131\8869\hotspot\src\share\vm\runtime\sharedRuntime.cpp, line 605]
Event: 101.074 Thread 0x000000001e4bd800 Exception <a 'java/lang/ArrayIndexOutOfBoundsException'> (0x00000000fbab7c98) thrown at [C:\re\workspace\8-2-build-windows-amd64-cygwin\jdk8u131\8869\hotspot\src\share\vm\runtime\sharedRuntime.cpp, line 605]
Event: 101.074 Thread 0x000000001e4bd800 Exception <a 'java/lang/ArrayIndexOutOfBoundsException'> (0x00000000fbab95f0) thrown at [C:\re\workspace\8-2-build-windows-amd64-cygwin\jdk8u131\8869\hotspot\src\share\vm\runtime\sharedRuntime.cpp, line 605]
Event: 101.089 Thread 0x000000001e4bd800 Exception <a 'java/lang/ArrayIndexOutOfBoundsException'> (0x00000000fbb2cb00) thrown at [C:\re\workspace\8-2-build-windows-amd64-cygwin\jdk8u131\8869\hotspot\src\share\vm\runtime\sharedRuntime.cpp, line 605]

Events (10 events):
Event: 101.189 Thread 0x000000001e4bd800 DEOPT UNPACKING pc=0x000000000569787f sp=0x00000000293d8ff0 mode 1
Event: 101.189 loading class org/apache/ibatis/logging/jdbc/BaseJdbcLogger
Event: 101.189 loading class org/apache/ibatis/logging/jdbc/BaseJdbcLogger done
Event: 101.189 Thread 0x000000001e4bd800 DEOPT PACKING pc=0x0000000005878989 sp=0x00000000293d6a80
Event: 101.189 Thread 0x000000001e4bd800 DEOPT UNPACKING pc=0x000000000569787f sp=0x00000000293d67d0 mode 1
Event: 101.189 Thread 0x000000001e4bd800 DEOPT PACKING pc=0x0000000005f16bf4 sp=0x00000000293d6b00
Event: 101.189 Thread 0x000000001e4bd800 DEOPT UNPACKING pc=0x000000000569787f sp=0x00000000293d6910 mode 1
Event: 101.189 Thread 0x000000001e4bd800 DEOPT PACKING pc=0x0000000005f16b3c sp=0x00000000293d6c80
Event: 101.189 Thread 0x000000001e4bd800 DEOPT UNPACKING pc=0x000000000569787f sp=0x00000000293d6a90 mode 1
Event: 101.192 Executing VM operation: CollectForMetadataAllocation


Dynamic libraries:
0x00007ff790a50000 - 0x00007ff790a87000 	C:\Program Files\Java\jdk1.8.0_131\bin\java.exe
0x00007ffddb500000 - 0x00007ffddb6e0000 	C:\windows\SYSTEM32\ntdll.dll
0x00007ffdd9310000 - 0x00007ffdd93be000 	C:\windows\System32\KERNEL32.DLL
0x00007ffdd7b30000 - 0x00007ffdd7d96000 	C:\windows\System32\KERNELBASE.dll
0x00007ffdd8f50000 - 0x00007ffdd8ff1000 	C:\windows\System32\ADVAPI32.dll
0x00007ffdd9240000 - 0x00007ffdd92dd000 	C:\windows\System32\msvcrt.dll
0x00007ffdd97d0000 - 0x00007ffdd982b000 	C:\windows\System32\sechost.dll
0x00007ffdd8e30000 - 0x00007ffdd8f4f000 	C:\windows\System32\RPCRT4.dll
0x00007ffdd9000000 - 0x00007ffdd918e000 	C:\windows\System32\USER32.dll
0x00007ffdd7da0000 - 0x00007ffdd7dc0000 	C:\windows\System32\win32u.dll
0x00007ffdd92e0000 - 0x00007ffdd9308000 	C:\windows\System32\GDI32.dll
0x00007ffdd7f10000 - 0x00007ffdd80a1000 	C:\windows\System32\gdi32full.dll
0x00007ffdd8130000 - 0x00007ffdd81cb000 	C:\windows\System32\msvcp_win.dll
0x00007ffdd7e10000 - 0x00007ffdd7f06000 	C:\windows\System32\ucrtbase.dll
0x00007ffdc8d80000 - 0x00007ffdc8fe9000 	C:\windows\WinSxS\amd64_microsoft.windows.common-controls_6595b64144ccf1df_6.0.16299.15_none_cc92fb402215d91d\COMCTL32.dll
0x00007ffdd94c0000 - 0x00007ffdd97c8000 	C:\windows\System32\combase.dll
0x00007ffdd80b0000 - 0x00007ffdd8122000 	C:\windows\System32\bcryptPrimitives.dll
0x00007ffdd93c0000 - 0x00007ffdd93ed000 	C:\windows\System32\IMM32.DLL
0x000000005c770000 - 0x000000005c842000 	C:\Program Files\Java\jdk1.8.0_131\jre\bin\msvcr100.dll
0x000000005bed0000 - 0x000000005c76c000 	C:\Program Files\Java\jdk1.8.0_131\jre\bin\server\jvm.dll
0x00007ffdd9c00000 - 0x00007ffdd9c08000 	C:\windows\System32\PSAPI.DLL
0x00007ffdd3c70000 - 0x00007ffdd3c79000 	C:\windows\SYSTEM32\WSOCK32.dll
0x00007ffddb460000 - 0x00007ffddb4cc000 	C:\windows\System32\WS2_32.dll
0x00007ffdd5c00000 - 0x00007ffdd5c23000 	C:\windows\SYSTEM32\WINMM.dll
0x00007ffdcca70000 - 0x00007ffdcca7a000 	C:\windows\SYSTEM32\VERSION.dll
0x00007ffdd5b70000 - 0x00007ffdd5b9a000 	C:\windows\SYSTEM32\WINMMBASE.dll
0x00007ffdd7dc0000 - 0x00007ffdd7e0a000 	C:\windows\System32\cfgmgr32.dll
0x000000005bec0000 - 0x000000005becf000 	C:\Program Files\Java\jdk1.8.0_131\jre\bin\verify.dll
0x000000005be90000 - 0x000000005beb9000 	C:\Program Files\Java\jdk1.8.0_131\jre\bin\java.dll
0x000000005b0c0000 - 0x000000005b0f5000 	C:\Program Files\Java\jdk1.8.0_131\jre\bin\jdwp.dll
0x000000005b0b0000 - 0x000000005b0b8000 	C:\Program Files\Java\jdk1.8.0_131\jre\bin\npt.dll
0x000000005be70000 - 0x000000005be86000 	C:\Program Files\Java\jdk1.8.0_131\jre\bin\zip.dll
0x00007ffdd9c10000 - 0x00007ffddb047000 	C:\windows\System32\SHELL32.dll
0x00007ffddb240000 - 0x00007ffddb2e6000 	C:\windows\System32\shcore.dll
0x00007ffdd81d0000 - 0x00007ffdd8917000 	C:\windows\System32\windows.storage.dll
0x00007ffddb400000 - 0x00007ffddb451000 	C:\windows\System32\shlwapi.dll
0x00007ffdd78e0000 - 0x00007ffdd78f1000 	C:\windows\System32\kernel.appcore.dll
0x00007ffdd7870000 - 0x00007ffdd78bc000 	C:\windows\System32\powrprof.dll
0x00007ffdd7850000 - 0x00007ffdd786b000 	C:\windows\System32\profapi.dll
0x000000005b0a0000 - 0x000000005b0a9000 	C:\Program Files\Java\jdk1.8.0_131\jre\bin\dt_socket.dll
0x00007ffdd7050000 - 0x00007ffdd70b6000 	C:\windows\system32\mswsock.dll
0x000000005b090000 - 0x000000005b09d000 	C:\Program Files\Java\jdk1.8.0_131\jre\bin\management.dll
0x000000005be50000 - 0x000000005be6a000 	C:\Program Files\Java\jdk1.8.0_131\jre\bin\net.dll
0x000000005be30000 - 0x000000005be41000 	C:\Program Files\Java\jdk1.8.0_131\jre\bin\nio.dll
0x00007ffdc8ff0000 - 0x00007ffdc9006000 	C:\windows\system32\napinsp.dll
0x00007ffdc8b00000 - 0x00007ffdc8b1a000 	C:\windows\system32\pnrpnsp.dll
0x00007ffdd43f0000 - 0x00007ffdd4408000 	C:\windows\system32\NLAapi.dll
0x00007ffdd6e20000 - 0x00007ffdd6ed6000 	C:\windows\SYSTEM32\DNSAPI.dll
0x00007ffdd9230000 - 0x00007ffdd9238000 	C:\windows\System32\NSI.dll
0x00007ffdd6de0000 - 0x00007ffdd6e19000 	C:\windows\SYSTEM32\IPHLPAPI.DLL
0x00007ffdca050000 - 0x00007ffdca05e000 	C:\windows\System32\winrnr.dll
0x00007ffdd0310000 - 0x00007ffdd031a000 	C:\Windows\System32\rasadhlp.dll
0x00007ffdd17a0000 - 0x00007ffdd1810000 	C:\windows\System32\fwpuclnt.dll
0x00007ffdd7320000 - 0x00007ffdd7345000 	C:\windows\SYSTEM32\bcrypt.dll
0x00007ffdd7210000 - 0x00007ffdd7227000 	C:\windows\SYSTEM32\CRYPTSP.dll
0x00007ffdd6c60000 - 0x00007ffdd6c93000 	C:\windows\system32\rsaenh.dll
0x00007ffdd7750000 - 0x00007ffdd7779000 	C:\windows\SYSTEM32\USERENV.dll
0x00007ffdd7230000 - 0x00007ffdd723b000 	C:\windows\SYSTEM32\CRYPTBASE.dll
0x00007ffdd36a0000 - 0x00007ffdd36b6000 	C:\windows\SYSTEM32\dhcpcsvc6.DLL
0x00007ffdd3500000 - 0x00007ffdd351a000 	C:\windows\SYSTEM32\dhcpcsvc.DLL
0x000000005b060000 - 0x000000005b084000 	C:\Program Files\Java\jdk1.8.0_131\jre\bin\sunec.dll
0x000000005b050000 - 0x000000005b05b000 	C:\Program Files\Java\jdk1.8.0_131\jre\bin\sunmscapi.dll
0x00007ffdd7960000 - 0x00007ffdd7b2e000 	C:\windows\System32\CRYPT32.dll
0x00007ffdd78c0000 - 0x00007ffdd78d2000 	C:\windows\System32\MSASN1.dll
0x00007ffdbb850000 - 0x00007ffdbba18000 	C:\windows\SYSTEM32\dbghelp.dll

VM Arguments:
jvm_args: -agentlib:jdwp=transport=dt_socket,address=127.0.0.1:52074,suspend=y,server=n -XX:TieredStopAtLevel=1 -Xverify:none -Dspring.output.ansi.enabled=always -Dcom.sun.management.jmxremote -Dcom.sun.management.jmxremote.port=52073 -Dcom.sun.management.jmxremote.authenticate=false -Dcom.sun.management.jmxremote.ssl=false -Dspring.liveBeansView.mbeanDomain -Dspring.application.admin.enabled=true -Dfile.encoding=UTF-8 
java_command: com.yinhetianze.BackApplication
java_class_path (initial): C:\Program Files\Java\jdk1.8.0_131\jre\lib\charsets.jar;C:\Program Files\Java\jdk1.8.0_131\jre\lib\deploy.jar;C:\Program Files\Java\jdk1.8.0_131\jre\lib\ext\access-bridge-64.jar;C:\Program Files\Java\jdk1.8.0_131\jre\lib\ext\cldrdata.jar;C:\Program Files\Java\jdk1.8.0_131\jre\lib\ext\dnsns.jar;C:\Program Files\Java\jdk1.8.0_131\jre\lib\ext\jaccess.jar;C:\Program Files\Java\jdk1.8.0_131\jre\lib\ext\jfxrt.jar;C:\Program Files\Java\jdk1.8.0_131\jre\lib\ext\localedata.jar;C:\Program Files\Java\jdk1.8.0_131\jre\lib\ext\nashorn.jar;C:\Program Files\Java\jdk1.8.0_131\jre\lib\ext\sunec.jar;C:\Program Files\Java\jdk1.8.0_131\jre\lib\ext\sunjce_provider.jar;C:\Program Files\Java\jdk1.8.0_131\jre\lib\ext\sunmscapi.jar;C:\Program Files\Java\jdk1.8.0_131\jre\lib\ext\sunpkcs11.jar;C:\Program Files\Java\jdk1.8.0_131\jre\lib\ext\zipfs.jar;C:\Program Files\Java\jdk1.8.0_131\jre\lib\javaws.jar;C:\Program Files\Java\jdk1.8.0_131\jre\lib\jce.jar;C:\Program Files\Java\jdk1.8.0_131\jre\lib\jfr.jar;C:\Program Files\Java\jdk1.8.0_131\jre\lib\jfxswt.jar;C:\Program Files\Java\jdk1.8.0_131\jre\lib\jsse.jar;C:\Program Files\Java\jdk1.8.0_131\jre\lib\management-agent.jar;C:\Program Files\Java\jdk1.8.0_131\jre\lib\plugin.jar;C:\Program Files\Java\jdk1.8.0_131\jre\lib\resources.jar;C:\Program Files\Java\jdk1.8.0_131\jre\lib\rt.jar;D:\workspace2\yinhetianze\back\target\classes;D:\maven\org\springframework\boot\spring-boot-starter-aop\1.5.14.RELEASE\spring-boot-starter-aop-1.5.14.RELEASE.jar;D:\maven\org\springframework\boot\spring-boot-starter\1.5.14.RELEASE\spring-boot-starter-1.5.14.RELEASE.jar;D:\maven\org\springframework\boot\spring-boot\1.5.14.RELEASE\spring-boot-1.5.14.RELEASE.jar;D:\maven\org\springframework\boot\spring-boot-starter-logging\1.5.14.RELEASE\spring-boot-starter-logging-1.5.14.RELEASE.jar;D:\maven\ch\qos\logback\logback-classic\1.1.11\logback-classic-1.1.11.jar;D:\maven\org\slf4j\jul-to-slf4j\1.7.25\jul-to-slf4j-1.7.25.jar;D:\maven\org\slf4j\log4j-o
Launcher Type: SUN_STANDARD

Environment Variables:
JAVA_HOME=C:\Program Files\Java\jdk1.8.0_131
CLASSPATH=.;C:\Program Files\Java\jdk1.8.0_131\lib\dt.jar;C:\Program Files\Java\jdk1.8.0_131\lib\tools.jar;
PATH=C:\Program Files (x86)\Common Files\NetSarang;C:\ProgramData\Oracle\Java\javapath;C:\windows\system32;C:\windows;C:\windows\System32\Wbem;C:\windows\System32\WindowsPowerShell\v1.0\;C:\Program Files\Java\jdk1.8.0_131\bin;C:\Program Files\Java\jdk1.8.0_131\jre\bin;d:\Program Files\Git\cmd;D:\Program Files\TortoiseSVN\bin;C:\Program Files\MySQL\MySQL Utilities 1.6\;D:\Program Files\nodejs\;D:\apache-maven-3.5.3-bin\bin;C:\Users\Administrator\AppData\Local\Microsoft\WindowsApps;C:\Users\Administrator\AppData\Local\GitHubDesktop\bin;C:\Users\Administrator\AppData\Roaming\npm
USERNAME=Administrator
OS=Windows_NT
PROCESSOR_IDENTIFIER=Intel64 Family 6 Model 60 Stepping 3, GenuineIntel



---------------  S Y S T E M  ---------------

OS: Windows 10.0 , 64 bit Build 16299 (10.0.16299.15)

CPU:total 4 (initial active 4) (2 cores per cpu, 2 threads per core) family 6 model 60 stepping 3, cmov, cx8, fxsr, mmx, sse, sse2, sse3, ssse3, sse4.1, sse4.2, popcnt, avx, avx2, aes, clmul, erms, lzcnt, ht, tsc, tscinvbit, bmi1, bmi2

Memory: 4k page, physical 8256700k(574852k free), swap 13544176k(1808192k free)

vm_info: Java HotSpot(TM) 64-Bit Server VM (25.131-b11) for windows-amd64 JRE (1.8.0_131-b11), built on Mar 15 2017 01:23:53 by "java_re" with MS VC++ 10.0 (VS2010)

time: Thu Aug 09 11:56:36 2018
elapsed time: 101 seconds (0d 0h 1m 41s)

